============================= test session starts =============================
platform win32 -- Python 3.12.4, pytest-9.0.3, pluggy-1.6.0 -- C:\Users\Twixt\Desktop\STeemBang\steambang_backend\.venv\Scripts\python.exe
cachedir: .pytest_cache
rootdir: C:\Users\Twixt\Desktop\STeemBang\steambang_backend
plugins: anyio-4.13.0
collecting ... collected 4 items

tests/test_api.py::test_health PASSED                                    [ 25%]
tests/test_api.py::test_register_login_dashboard PASSED                  [ 50%]
tests/test_api.py::test_demo_user_seeded PASSED                          [ 75%]
tests/test_api.py::test_admin_stats PASSED                               [100%]

============================== 4 passed in 8.14s ==============================
